<?xml version="1.0" encoding="utf-8"?><testsuites name="pytest tests"><testsuite name="pytest" errors="0" failures="0" skipped="0" tests="23" time="3.663" timestamp="2026-02-18T21:53:45.085722+00:00" hostname="agent-env-1fceb459-d201-45e7-8164-08d9d4d4a761"><testcase classname="backend.tests.test_reactivation_voice.TestVoiceStatusEndpoint" name="test_voice_status_returns_200" time="0.199" /><testcase classname="backend.tests.test_reactivation_voice.TestVoiceStatusEndpoint" name="test_voice_status_enabled_true" time="0.141" /><testcase classname="backend.tests.test_reactivation_voice.TestVoiceStatusEndpoint" name="test_voice_status_provider_edge_tts" time="0.217" /><testcase classname="backend.tests.test_reactivation_voice.TestVoiceStatusEndpoint" name="test_voice_status_has_characters" time="0.120" /><testcase classname="backend.tests.test_reactivation_voice.TestVoiceStatusEndpoint" name="test_voice_status_has_styles" time="0.135" /><testcase classname="backend.tests.test_reactivation_voice.TestVoiceStatusEndpoint" name="test_voice_status_has_languages" time="0.144" /><testcase classname="backend.tests.test_reactivation_voice.TestReactivationStatsEndpoint" name="test_reactivation_stats_returns_200" time="0.201" /><testcase classname="backend.tests.test_reactivation_voice.TestReactivationStatsEndpoint" name="test_reactivation_stats_has_total_users" time="0.130" /><testcase classname="backend.tests.test_reactivation_voice.TestReactivationStatsEndpoint" name="test_reactivation_stats_has_hit_paywall" time="0.276" /><testcase classname="backend.tests.test_reactivation_voice.TestReactivationStatsEndpoint" name="test_reactivation_stats_has_inactive_24h" time="0.114" /><testcase classname="backend.tests.test_reactivation_voice.TestReactivationStatsEndpoint" name="test_reactivation_stats_has_reactivated_count" time="0.142" /><testcase classname="backend.tests.test_reactivation_voice.TestReactivationStatsEndpoint" name="test_reactivation_stats_no_error" time="0.187" /><testcase classname="backend.tests.test_reactivation_voice.TestReactivationRunEndpoint" name="test_reactivation_run_returns_200" time="0.139" /><testcase classname="backend.tests.test_reactivation_voice.TestReactivationRunEndpoint" name="test_reactivation_run_returns_started_status" time="0.121" /><testcase classname="backend.tests.test_reactivation_voice.TestReactivationRunEndpoint" name="test_reactivation_run_returns_message" time="0.145" /><testcase classname="backend.tests.test_reactivation_voice.TestReactivationRunEndpoint" name="test_reactivation_run_method_not_allowed_get" time="0.181" /><testcase classname="backend.tests.test_reactivation_voice.TestHealthEndpointReactivation" name="test_health_returns_200" time="0.134" /><testcase classname="backend.tests.test_reactivation_voice.TestHealthEndpointReactivation" name="test_health_returns_healthy_status" time="0.191" /><testcase classname="backend.tests.test_reactivation_voice.TestHealthEndpointReactivation" name="test_health_shows_telegram_configured" time="0.131" /><testcase classname="backend.tests.test_reactivation_voice.TestVoicePreferenceEndpoint" name="test_set_voice_preference_natural" time="0.130" /><testcase classname="backend.tests.test_reactivation_voice.TestVoicePreferenceEndpoint" name="test_set_voice_preference_dominant" time="0.107" /><testcase classname="backend.tests.test_reactivation_voice.TestVoicePreferenceEndpoint" name="test_set_voice_preference_whisper" time="0.139" /><testcase classname="backend.tests.test_reactivation_voice.TestVoicePreferenceEndpoint" name="test_set_voice_preference_invalid" time="0.170" /></testsuite></testsuites>