<?xml version="1.0" encoding="utf-8"?><testsuites name="pytest tests"><testsuite name="pytest" errors="0" failures="0" skipped="0" tests="20" time="4.419" timestamp="2026-02-20T01:55:49.512594+00:00" hostname="agent-env-3576cbc3-f415-4746-9d26-91e1ffc0bafc"><testcase classname="tests.test_api_endpoints.TestHealthEndpoints" name="test_health_returns_200" time="0.163" /><testcase classname="tests.test_api_endpoints.TestHealthEndpoints" name="test_health_shows_telegram_configured" time="0.130" /><testcase classname="tests.test_api_endpoints.TestTelegramEndpoints" name="test_telegram_info_returns_200" time="0.509" /><testcase classname="tests.test_api_endpoints.TestTelegramEndpoints" name="test_telegram_info_shows_bot_username" time="0.499" /><testcase classname="tests.test_api_endpoints.TestCheckoutEndpoints" name="test_checkout_redirect_returns_307" time="0.605" /><testcase classname="tests.test_api_endpoints.TestCheckoutEndpoints" name="test_checkout_redirect_vip_tier" time="0.540" /><testcase classname="tests.test_api_endpoints.TestCheckoutEndpoints" name="test_checkout_status_endpoint_exists" time="0.144" /><testcase classname="tests.test_api_endpoints.TestVoiceEndpoints" name="test_voice_status_returns_200" time="0.182" /><testcase classname="tests.test_api_endpoints.TestVoiceEndpoints" name="test_voice_status_enabled" time="0.130" /><testcase classname="tests.test_api_endpoints.TestVoiceEndpoints" name="test_voice_status_provider" time="0.135" /><testcase classname="tests.test_api_endpoints.TestVoiceEndpoints" name="test_voice_status_characters" time="0.129" /><testcase classname="tests.test_api_endpoints.TestVoiceEndpoints" name="test_voice_status_styles" time="0.121" /><testcase classname="tests.test_api_endpoints.TestVoiceEndpoints" name="test_voice_status_languages" time="0.128" /><testcase classname="tests.test_api_endpoints.TestReactivationEndpoints" name="test_reactivation_stats_returns_200" time="0.124" /><testcase classname="tests.test_api_endpoints.TestReactivationEndpoints" name="test_reactivation_run_post" time="0.128" /><testcase classname="tests.test_api_endpoints.TestReactivationEndpoints" name="test_reactivation_run_get_not_allowed" time="0.155" /><testcase classname="tests.test_api_endpoints.TestUserVoicePreference" name="test_voice_preference_natural" time="0.190" /><testcase classname="tests.test_api_endpoints.TestUserVoicePreference" name="test_voice_preference_dominant" time="0.129" /><testcase classname="tests.test_api_endpoints.TestUserVoicePreference" name="test_voice_preference_whisper" time="0.112" /><testcase classname="tests.test_api_endpoints.TestUserVoicePreference" name="test_voice_preference_invalid_returns_400" time="0.105" /></testsuite></testsuites>