<?xml version="1.0" encoding="utf-8"?><testsuites name="pytest tests"><testsuite name="pytest" errors="0" failures="0" skipped="0" tests="21" time="3.523" timestamp="2026-02-18T21:09:30.907121+00:00" hostname="agent-env-1fceb459-d201-45e7-8164-08d9d4d4a761"><testcase classname="backend.tests.test_reactivation_voice.TestVoiceStatusEndpoint" name="test_voice_status_returns_200" time="0.363" /><testcase classname="backend.tests.test_reactivation_voice.TestVoiceStatusEndpoint" name="test_voice_status_has_enabled_field" time="0.253" /><testcase classname="backend.tests.test_reactivation_voice.TestVoiceStatusEndpoint" name="test_voice_status_has_characters" time="0.146" /><testcase classname="backend.tests.test_reactivation_voice.TestVoiceStatusEndpoint" name="test_voice_status_has_styles" time="0.166" /><testcase classname="backend.tests.test_reactivation_voice.TestReactivationStatsEndpoint" name="test_reactivation_stats_returns_200" time="0.148" /><testcase classname="backend.tests.test_reactivation_voice.TestReactivationStatsEndpoint" name="test_reactivation_stats_has_total_users" time="0.165" /><testcase classname="backend.tests.test_reactivation_voice.TestReactivationStatsEndpoint" name="test_reactivation_stats_has_hit_paywall" time="0.173" /><testcase classname="backend.tests.test_reactivation_voice.TestReactivationStatsEndpoint" name="test_reactivation_stats_has_inactive_24h" time="0.163" /><testcase classname="backend.tests.test_reactivation_voice.TestReactivationStatsEndpoint" name="test_reactivation_stats_has_reactivated_count" time="0.163" /><testcase classname="backend.tests.test_reactivation_voice.TestReactivationStatsEndpoint" name="test_reactivation_stats_no_error" time="0.110" /><testcase classname="backend.tests.test_reactivation_voice.TestReactivationRunEndpoint" name="test_reactivation_run_returns_200" time="0.230" /><testcase classname="backend.tests.test_reactivation_voice.TestReactivationRunEndpoint" name="test_reactivation_run_returns_started_status" time="0.145" /><testcase classname="backend.tests.test_reactivation_voice.TestReactivationRunEndpoint" name="test_reactivation_run_returns_message" time="0.118" /><testcase classname="backend.tests.test_reactivation_voice.TestReactivationRunEndpoint" name="test_reactivation_run_method_not_allowed_get" time="0.161" /><testcase classname="backend.tests.test_reactivation_voice.TestHealthEndpointReactivation" name="test_health_returns_200" time="0.125" /><testcase classname="backend.tests.test_reactivation_voice.TestHealthEndpointReactivation" name="test_health_returns_healthy_status" time="0.120" /><testcase classname="backend.tests.test_reactivation_voice.TestHealthEndpointReactivation" name="test_health_shows_telegram_configured" time="0.161" /><testcase classname="backend.tests.test_reactivation_voice.TestVoicePreferenceEndpoint" name="test_set_voice_preference_natural" time="0.101" /><testcase classname="backend.tests.test_reactivation_voice.TestVoicePreferenceEndpoint" name="test_set_voice_preference_dominant" time="0.164" /><testcase classname="backend.tests.test_reactivation_voice.TestVoicePreferenceEndpoint" name="test_set_voice_preference_whisper" time="0.144" /><testcase classname="backend.tests.test_reactivation_voice.TestVoicePreferenceEndpoint" name="test_set_voice_preference_invalid" time="0.133" /></testsuite></testsuites>