<?xml version="1.0" encoding="utf-8"?><testsuites name="pytest tests"><testsuite name="pytest" errors="0" failures="0" skipped="0" tests="9" time="2.970" timestamp="2026-02-18T20:41:15.784384+00:00" hostname="agent-env-1fceb459-d201-45e7-8164-08d9d4d4a761"><testcase classname="backend.tests.test_api_endpoints.TestHealthEndpoint" name="test_health_returns_200" time="0.164" /><testcase classname="backend.tests.test_api_endpoints.TestHealthEndpoint" name="test_health_returns_healthy_status" time="0.143" /><testcase classname="backend.tests.test_api_endpoints.TestHealthEndpoint" name="test_health_shows_telegram_configured" time="0.139" /><testcase classname="backend.tests.test_api_endpoints.TestTelegramInfoEndpoint" name="test_telegram_info_returns_200" time="0.552" /><testcase classname="backend.tests.test_api_endpoints.TestTelegramInfoEndpoint" name="test_telegram_info_shows_configured" time="0.501" /><testcase classname="backend.tests.test_api_endpoints.TestTelegramInfoEndpoint" name="test_telegram_info_returns_username" time="0.550" /><testcase classname="backend.tests.test_api_endpoints.TestTelegramInfoEndpoint" name="test_telegram_info_returns_link" time="0.488" /><testcase classname="backend.tests.test_api_endpoints.TestRootEndpoint" name="test_root_returns_200" time="0.176" /><testcase classname="backend.tests.test_api_endpoints.TestRootEndpoint" name="test_root_returns_version" time="0.159" /></testsuite></testsuites>